* using log directory 'C:/Users/Mustafa/Documents/GitHub/donemproje1_fecriati_fork/fecriati.Rcheck'
* using R version 4.3.3 (2024-02-29 ucrt)
* using platform: x86_64-w64-mingw32 (64-bit)
* R was compiled by
    gcc.exe (GCC) 12.3.0
    GNU Fortran (GCC) 12.3.0
* running under: Windows 11 x64 (build 22631)
* using session charset: UTF-8
* using options '--no-manual --as-cran'
* checking for file 'fecriati/DESCRIPTION' ... OK
* this is package 'fecriati' version '0.0.0.9000'
* package encoding: UTF-8
* checking package namespace information ... OK
* checking package dependencies ... OK
* checking if this is a source package ... OK
* checking if there is a namespace ... OK
* checking for executable files ... OK
* checking for hidden files and directories ... OK
* checking for portable file names ... OK
* checking serialization versions ... OK
* checking whether package 'fecriati' can be installed ... OK
* checking installed package size ... OK
* checking package directory ... OK
* checking for future file timestamps ... OK
* checking DESCRIPTION meta-information ... OK
* checking top-level files ... OK
* checking for left-over files ... OK
* checking index information ... OK
* checking package subdirectories ... NOTE
Problems with news in 'NEWS.md':
No news entries found.
* checking R files for non-ASCII characters ... WARNING
Found the following files with non-ASCII characters:
  Create_graphics.R
  Csv_operations.R
Portable packages must use only ASCII characters in their R code,
except perhaps in comments.
Use \uxxxx escapes for other characters.
* checking R files for syntax errors ... OK
* checking whether the package can be loaded ... OK
* checking whether the package can be loaded with stated dependencies ... OK
* checking whether the package can be unloaded cleanly ... OK
* checking whether the namespace can be loaded with stated dependencies ... OK
* checking whether the namespace can be unloaded cleanly ... OK
* checking loading without being on the library search path ... OK
* checking dependencies in R code ... WARNING
'::' or ':::' imports not declared from:
  'RSQLite' 'dplyr' 'ggplot2'
'library' or 'require' calls not declared from:
  'RSQLite' 'dplyr' 'ggplot2'
'loadNamespace' or 'requireNamespace' calls not declared from:
  'RSQLite' 'dplyr' 'ggplot2'
'library' or 'require' calls in package code:
  'RSQLite' 'dplyr' 'ggplot2' 'utils'
  Please use :: or requireNamespace() instead.
  See section 'Suggested packages' in the 'Writing R Extensions' manual.
* checking S3 generic/method consistency ... OK
* checking replacement functions ... OK
* checking foreign function calls ... OK
* checking R code for possible problems ... NOTE
create_final_analysis_graph: no visible global function definition for
  'ggplot'
create_final_analysis_graph: no visible global function definition for
  'aes_string'
create_final_analysis_graph: no visible global function definition for
  'geom_bar'
create_final_analysis_graph: no visible global function definition for
  'theme_minimal'
create_final_analysis_graph: no visible global function definition for
  'labs'
create_final_analysis_graph: no visible global function definition for
  'theme'
create_final_analysis_graph: no visible global function definition for
  'element_text'
create_graphics: no visible binding for global variable 'age'
filter_matched_categories: no visible global function definition for
  '%>%'
filter_matched_categories: no visible global function definition for
  'filter'
filter_matched_categories: no visible binding for global variable
  'total_spending'
filter_matched_categories: no visible global function definition for
  'select'
filter_matched_categories: no visible global function definition for
  'all_of'
group_by_age_gender: no visible global function definition for '%>%'
group_by_age_gender: no visible global function definition for 'mutate'
group_by_age_gender: no visible global function definition for
  'case_when'
group_by_and_send_fun: no visible global function definition for '%>%'
group_by_and_send_fun: no visible global function definition for
  'group_by'
group_by_and_send_fun: no visible global function definition for
  'across'
group_by_and_send_fun: no visible global function definition for
  'all_of'
group_by_and_send_fun: no visible global function definition for
  'summarise'
group_by_and_send_fun: no visible binding for global variable '.data'
handle_missing_data: no visible global function definition for '%>%'
handle_missing_data: no visible global function definition for 'across'
handle_missing_data: no visible global function definition for 'where'
inner_joinle: no visible global function definition for '%>%'
inner_joinle: no visible global function definition for 'inner_join'
merge_and_analyze: no visible global function definition for '%>%'
merge_and_analyze: no visible global function definition for 'filter'
merge_and_analyze: no visible binding for global variable 'status.x'
save_data: no visible global function definition for 'head'
Undefined global functions or variables:
  %>% .data across aes_string age all_of case_when element_text filter
  geom_bar ggplot group_by head inner_join labs mutate select status.x
  summarise theme theme_minimal total_spending where
Consider adding
  importFrom("stats", "filter")
  importFrom("utils", "head")
to your NAMESPACE file.
* checking Rd files ... OK
* checking Rd metadata ... OK
* checking Rd line widths ... OK
* checking Rd cross-references ... OK
* checking for missing documentation entries ... OK
* checking for code/documentation mismatches ... OK
* checking Rd \usage sections ... WARNING
Undocumented arguments in documentation object 'filter_matched_categories'
  'data1' 'data2'
Documented arguments not in \usage in documentation object 'filter_matched_categories':
  'result' 'maxResult'

Undocumented arguments in documentation object 'group_by_and_send_fun'
  'sending_fun'

Undocumented arguments in documentation object 'inner_joinle'
  'order_items' 'orders' 'users' 'products'
Documented arguments not in \usage in documentation object 'inner_joinle':
  'data' 'columns'

Undocumented arguments in documentation object 'merge_and_analyze'
  'selectedCols' 'number_of_analysis'

Undocumented arguments in documentation object 'process_data'
  'data'
Documented arguments not in \usage in documentation object 'process_data':
  'input_path'

Functions with \usage entries need to have the appropriate \alias
entries, and all their arguments documented.
The \usage entries must correspond to syntactically valid R code.
See chapter 'Writing R documentation files' in the 'Writing R
Extensions' manual.
* checking Rd contents ... OK
* checking for unstated dependencies in examples ... OK
* checking examples ... NONE
* checking for unstated dependencies in 'tests' ... OK
* checking tests ... OK
  Running 'testthat.R'
* checking for non-standard things in the check directory ... OK
* checking for detritus in the temp directory ... OK
* DONE
Status: 3 WARNINGs, 2 NOTEs
